SF:lib/data/datasources/tv_series_remote_data_source.dart
DA:23,1
DA:25,1
DA:28,4
DA:30,2
DA:31,3
DA:32,1
DA:34,1
DA:38,1
DA:41,4
DA:43,2
DA:44,3
DA:45,1
DA:47,1
DA:51,1
DA:54,4
DA:56,2
DA:57,3
DA:58,1
DA:60,1
DA:64,1
DA:66,1
DA:67,3
DA:69,2
DA:70,3
DA:71,1
DA:73,1
DA:77,1
DA:79,1
DA:80,3
DA:82,2
DA:83,3
DA:84,1
DA:86,1
DA:90,1
DA:92,4
DA:94,2
DA:95,3
DA:97,1
LF:38
LH:38
end_of_record
SF:lib/data/model/tv_series_detail_api_response.dart
DA:20,3
DA:36,1
DA:37,1
DA:38,1
DA:39,1
DA:40,1
DA:41,4
DA:42,1
DA:43,1
DA:44,1
DA:45,0
DA:46,4
DA:47,1
DA:48,1
DA:49,1
DA:50,2
DA:51,1
DA:52,2
DA:53,1
DA:56,2
DA:57,2
DA:58,2
DA:59,2
DA:60,10
DA:61,2
DA:62,2
DA:63,2
DA:64,2
DA:65,2
DA:66,2
DA:67,2
DA:68,2
DA:69,2
DA:72,1
DA:73,1
DA:74,1
DA:75,1
DA:76,1
DA:77,1
DA:78,1
DA:79,1
DA:80,1
DA:81,1
DA:82,1
DA:83,1
DA:84,1
DA:85,1
DA:86,1
LF:48
LH:47
end_of_record
SF:lib/data/model/tv_series_list_api_response.dart
DA:6,2
DA:10,2
DA:11,2
DA:12,2
DA:13,2
DA:14,6
DA:15,6
DA:19,2
DA:20,5
DA:23,1
DA:24,2
LF:11
LH:11
end_of_record
SF:lib/data/model/tv_series_api_response.dart
DA:18,4
DA:33,2
DA:34,2
DA:35,2
DA:36,2
DA:37,0
DA:38,8
DA:39,2
DA:40,2
DA:41,2
DA:42,0
DA:43,8
DA:44,2
DA:45,2
DA:46,2
DA:47,4
DA:48,2
DA:49,4
DA:50,2
DA:53,2
DA:54,1
DA:56,5
DA:57,1
DA:58,1
DA:59,1
DA:60,0
DA:61,4
DA:62,1
DA:63,1
DA:64,1
DA:65,1
DA:66,1
DA:67,1
DA:68,1
DA:71,2
DA:72,2
DA:73,2
DA:74,2
DA:75,2
DA:76,2
DA:77,2
DA:78,2
DA:79,2
DA:80,2
DA:81,2
DA:82,2
DA:83,2
DA:84,2
DA:88,2
DA:89,2
DA:90,2
DA:91,2
DA:92,2
DA:93,2
DA:94,2
DA:95,2
DA:96,2
DA:97,2
DA:98,2
DA:99,2
DA:100,2
DA:101,2
LF:62
LH:59
end_of_record
SF:lib/data/model/genre_model.dart
DA:5,3
DA:13,2
DA:14,1
DA:15,1
DA:18,0
DA:19,0
DA:20,0
DA:23,2
DA:24,6
DA:27,1
DA:28,3
LF:11
LH:8
end_of_record
SF:lib/domain/entities/genre.dart
DA:4,8
DA:12,3
DA:13,9
LF:3
LH:3
end_of_record
SF:lib/domain/entities/tv_series.dart
DA:18,14
DA:33,2
DA:40,8
DA:41,8
DA:42,8
DA:43,8
DA:44,8
DA:45,8
DA:46,8
DA:47,8
DA:48,8
DA:49,8
DA:50,8
DA:51,8
DA:52,8
DA:53,8
LF:16
LH:16
end_of_record
SF:lib/domain/entities/tv_series_detail.dart
DA:18,8
DA:33,3
DA:34,3
DA:35,3
DA:36,3
DA:37,3
DA:38,3
DA:39,3
DA:40,3
DA:41,3
DA:42,3
DA:43,3
DA:44,3
DA:45,3
DA:46,3
LF:15
LH:15
end_of_record
SF:lib/data/model/tv_series_table.dart
DA:12,2
DA:19,2
DA:20,1
DA:21,1
DA:22,1
DA:23,1
DA:26,2
DA:27,1
DA:28,1
DA:29,1
DA:30,1
DA:33,0
DA:34,0
DA:35,0
DA:36,0
DA:37,0
DA:40,2
DA:41,1
DA:42,1
DA:43,1
DA:44,1
DA:47,2
DA:48,10
LF:23
LH:18
end_of_record
SF:lib/data/datasources/tv_series_local_data_source.dart
DA:14,1
DA:16,1
DA:19,2
DA:22,2
DA:26,1
DA:29,2
DA:32,2
DA:36,1
DA:38,2
DA:40,1
DA:46,1
DA:48,2
DA:49,4
LF:13
LH:13
end_of_record
SF:lib/data/repositories/tv_series_repository_impl.dart
DA:15,1
DA:20,1
DA:23,2
DA:24,5
DA:25,1
DA:26,2
DA:27,1
DA:28,2
DA:32,1
DA:35,2
DA:36,5
DA:37,1
DA:38,2
DA:39,1
DA:40,2
DA:44,1
DA:47,2
DA:48,5
DA:49,1
DA:50,2
DA:51,1
DA:52,2
DA:56,1
DA:59,2
DA:60,2
DA:61,1
DA:62,2
DA:63,1
DA:64,2
DA:68,1
DA:72,2
DA:73,3
DA:74,1
DA:75,2
DA:76,1
DA:77,2
DA:81,1
DA:84,2
DA:85,5
DA:86,0
DA:87,0
DA:93,1
DA:95,2
DA:99,1
DA:103,1
DA:104,2
DA:105,1
DA:106,1
DA:107,3
DA:111,1
DA:114,1
DA:115,2
DA:116,1
DA:117,1
DA:118,3
DA:124,1
DA:127,2
DA:128,5
DA:129,1
DA:130,2
DA:131,1
DA:132,2
LF:62
LH:60
end_of_record
SF:lib/domain/usecases/get_on_the_air_tv_series_usecase.dart
DA:9,1
DA:11,1
DA:12,2
LF:3
LH:3
end_of_record
SF:lib/domain/usecases/save_tv_series_watchlist_usecase.dart
DA:9,1
DA:11,1
DA:12,2
LF:3
LH:3
end_of_record
SF:lib/domain/usecases/remove_tv_series_watchlist_usecase.dart
DA:9,1
DA:11,1
DA:12,2
LF:3
LH:3
end_of_record
SF:lib/domain/usecases/get_recommendations_tv_series_usecase.dart
DA:9,1
DA:11,1
DA:12,2
LF:3
LH:3
end_of_record
SF:lib/domain/usecases/get_top_rated_tv_series_usecase.dart
DA:9,1
DA:11,1
DA:12,2
LF:3
LH:3
end_of_record
SF:lib/domain/usecases/get_tv_series_watchlist_status_usecase.dart
DA:6,1
DA:8,1
DA:9,2
LF:3
LH:3
end_of_record
SF:lib/domain/usecases/search_tv_series_usecase.dart
DA:9,1
DA:11,1
DA:12,2
LF:3
LH:3
end_of_record
SF:lib/domain/usecases/get_tv_series_watchlist_usecase.dart
DA:9,1
DA:11,1
DA:12,2
LF:3
LH:3
end_of_record
SF:lib/domain/usecases/get_tv_series_detail_usecase.dart
DA:9,1
DA:11,1
DA:12,2
LF:3
LH:3
end_of_record
SF:lib/domain/usecases/get_popular_tv_series_usecase.dart
DA:9,1
DA:11,1
DA:12,2
LF:3
LH:3
end_of_record
SF:lib/presentation/bloc/top_rated/top_rated_tv_event.dart
DA:4,2
DA:6,0
DA:7,0
LF:3
LH:1
end_of_record
SF:lib/presentation/bloc/top_rated/top_rated_tv_bloc.dart
DA:12,1
DA:13,2
DA:14,1
DA:15,1
DA:16,2
DA:18,2
DA:20,1
DA:21,4
DA:22,3
LF:9
LH:9
end_of_record
SF:lib/presentation/bloc/top_rated/top_rated_tv_state.dart
DA:4,2
DA:6,1
DA:7,1
DA:17,2
DA:19,1
DA:20,2
DA:26,2
DA:28,1
DA:29,2
LF:9
LH:9
end_of_record
SF:lib/presentation/pages/top_rated_tv_series_page.dart
DA:9,1
DA:10,1
DA:14,1
DA:16,1
DA:17,1
DA:18,5
DA:21,1
DA:23,1
DA:24,1
DA:25,1
DA:26,1
DA:27,1
DA:28,0
DA:29,0
DA:31,1
DA:35,1
DA:37,1
DA:38,1
DA:39,1
DA:44,1
DA:45,1
DA:46,1
DA:47,3
DA:49,2
DA:51,1
DA:52,1
DA:54,2
DA:57,0
LF:28
LH:25
end_of_record
SF:lib/presentation/widgets/tv_series_card_list_widget.dart
DA:10,5
DA:12,5
DA:14,5
DA:16,5
DA:17,0
DA:18,0
DA:21,0
DA:24,5
DA:26,5
DA:27,5
DA:28,5
DA:35,5
DA:37,5
DA:38,5
DA:39,10
DA:42,5
DA:44,5
DA:45,5
DA:46,10
DA:54,5
DA:55,5
DA:56,5
DA:61,5
DA:63,5
DA:64,15
DA:66,5
DA:69,0
DA:74,5
DA:80,5
DA:81,5
DA:82,5
DA:83,5
DA:84,5
DA:87,5
DA:89,5
LF:35
LH:31
end_of_record
SF:lib/presentation/bloc/search/search_tv_state.dart
DA:4,2
DA:6,1
DA:7,1
DA:17,2
DA:19,1
DA:20,2
DA:26,2
DA:28,1
DA:29,2
LF:9
LH:9
end_of_record
SF:lib/presentation/bloc/search/search_tv_event.dart
DA:4,1
DA:6,0
DA:7,0
DA:13,1
DA:15,0
DA:16,0
LF:6
LH:2
end_of_record
SF:lib/presentation/bloc/search/search_tv_bloc.dart
DA:13,3
DA:14,2
DA:15,1
DA:17,2
DA:19,2
DA:21,2
DA:22,3
DA:23,1
DA:24,2
DA:26,1
LF:10
LH:10
end_of_record
SF:lib/presentation/pages/tv_series_search_page.dart
DA:8,1
DA:10,1
DA:11,1
DA:12,1
DA:14,1
DA:16,1
DA:18,1
DA:19,1
DA:20,0
DA:21,0
DA:23,1
DA:25,1
DA:26,1
DA:30,1
DA:31,1
DA:33,1
DA:35,1
DA:36,1
DA:37,1
DA:38,1
DA:39,1
DA:40,1
DA:42,1
DA:43,1
DA:44,1
DA:46,1
DA:47,3
DA:49,2
DA:52,1
DA:53,1
DA:54,1
DA:55,1
DA:56,2
DA:60,0
LF:34
LH:31
end_of_record
SF:lib/presentation/bloc/watchlist/watchlist_tv_state.dart
DA:4,2
DA:6,1
DA:7,1
DA:17,2
DA:19,1
DA:20,2
DA:26,2
DA:28,1
DA:29,2
LF:9
LH:9
end_of_record
SF:lib/presentation/bloc/watchlist/watchlist_tv_event.dart
DA:4,2
DA:6,0
DA:7,0
LF:3
LH:1
end_of_record
SF:lib/presentation/bloc/watchlist/watchlist_tv_bloc.dart
DA:12,1
DA:13,2
DA:14,2
DA:15,2
DA:17,2
DA:19,1
DA:20,4
DA:21,3
LF:8
LH:8
end_of_record
SF:lib/presentation/pages/watchlist_tv_page.dart
DA:8,1
DA:10,1
DA:11,1
DA:15,1
DA:17,1
DA:18,1
DA:19,5
DA:22,1
DA:24,1
DA:25,4
DA:28,0
DA:30,0
DA:33,1
DA:35,1
DA:36,1
DA:39,1
DA:41,1
DA:42,1
DA:43,1
DA:45,1
DA:46,1
DA:47,1
DA:48,0
DA:59,1
DA:60,1
DA:61,2
DA:63,1
DA:65,1
DA:66,1
DA:68,2
DA:70,0
DA:71,0
DA:81,1
DA:83,2
DA:84,1
LF:35
LH:30
end_of_record
SF:lib/presentation/bloc/detail_tv/detail_tv_state.dart
DA:4,2
DA:6,1
DA:7,1
DA:17,2
DA:19,1
DA:20,2
DA:26,2
DA:28,1
DA:29,2
LF:9
LH:9
end_of_record
SF:lib/presentation/bloc/detail_tv/detail_tv_event.dart
DA:4,2
DA:6,0
DA:7,0
DA:13,2
DA:15,0
DA:16,0
LF:6
LH:2
end_of_record
SF:lib/presentation/bloc/detail_tv/detail_tv_bloc.dart
DA:11,3
DA:12,2
DA:13,2
DA:15,3
DA:17,1
DA:18,4
DA:19,3
LF:7
LH:7
end_of_record
SF:lib/presentation/bloc/recommendations/recommendations_tv_bloc.dart
DA:13,1
DA:14,2
DA:15,2
DA:16,2
DA:18,3
DA:20,1
DA:21,4
DA:22,3
LF:8
LH:8
end_of_record
SF:lib/presentation/bloc/recommendations/recommendations_tv_state.dart
DA:4,2
DA:6,1
DA:7,1
DA:17,2
DA:19,1
DA:20,2
DA:26,2
DA:28,1
DA:29,2
LF:9
LH:9
end_of_record
SF:lib/presentation/bloc/recommendations/recommendations_tv_event.dart
DA:4,2
DA:6,0
DA:7,0
DA:13,2
DA:15,0
DA:16,0
LF:6
LH:2
end_of_record
SF:lib/presentation/bloc/watchlist_status/watchlist_status_tv_state.dart
DA:7,4
DA:12,1
DA:13,1
DA:14,1
LF:4
LH:4
end_of_record
SF:lib/presentation/bloc/watchlist_status/watchlist_status_tv_cubit.dart
DA:18,1
DA:22,2
DA:24,1
DA:25,2
DA:26,2
DA:29,1
DA:30,2
DA:32,3
DA:34,1
DA:35,3
DA:36,1
DA:37,2
DA:38,1
DA:42,1
DA:43,2
DA:45,3
DA:47,1
DA:48,3
DA:49,1
DA:50,2
DA:51,1
LF:21
LH:21
end_of_record
SF:lib/presentation/pages/tv_series_detail_page.dart
DA:16,1
DA:18,1
DA:19,1
DA:23,1
DA:25,1
DA:26,2
DA:27,6
DA:28,1
DA:29,1
DA:30,4
DA:31,5
DA:35,1
DA:37,1
DA:38,1
DA:39,1
DA:40,1
DA:41,1
DA:42,1
DA:44,1
DA:45,1
DA:46,1
DA:47,1
DA:49,1
DA:50,1
DA:51,1
DA:52,1
DA:53,1
DA:57,1
DA:68,1
DA:70,1
DA:72,3
DA:73,1
DA:74,1
DA:75,1
DA:77,3
DA:79,2
DA:80,1
DA:82,0
DA:84,1
DA:86,1
DA:87,1
DA:88,1
DA:89,1
DA:91,1
DA:92,1
DA:100,1
DA:101,1
DA:102,1
DA:104,1
DA:106,1
DA:108,1
DA:109,1
DA:110,2
DA:111,1
DA:113,1
DA:115,1
DA:116,1
DA:117,1
DA:118,0
DA:121,0
DA:122,0
DA:125,0
DA:126,0
DA:129,0
DA:130,0
DA:131,0
DA:133,0
DA:136,0
DA:139,0
DA:140,0
DA:141,0
DA:142,0
DA:143,0
DA:145,0
DA:147,0
DA:148,0
DA:149,0
DA:154,1
DA:156,1
DA:158,1
DA:159,1
DA:160,1
DA:166,1
DA:167,3
DA:169,1
DA:170,1
DA:171,1
DA:172,3
DA:174,2
DA:180,4
DA:183,1
DA:184,1
DA:186,1
DA:188,1
DA:189,2
DA:191,1
DA:192,1
DA:194,1
DA:196,1
DA:201,1
DA:203,1
DA:216,1
DA:218,1
DA:221,1
DA:222,1
DA:223,0
DA:224,0
DA:233,1
DA:235,1
DA:236,1
DA:237,1
DA:238,0
DA:239,0
DA:241,1
DA:242,0
DA:243,1
DA:244,1
DA:246,1
DA:248,1
DA:249,1
DA:251,2
DA:254,2
DA:258,0
DA:264,1
DA:265,1
DA:267,1
DA:268,0
DA:269,0
DA:272,0
DA:275,1
DA:276,1
DA:277,1
DA:278,2
DA:279,1
DA:280,2
DA:281,2
DA:282,1
DA:284,0
DA:287,1
DA:292,1
DA:293,1
DA:294,1
DA:295,1
DA:296,1
DA:299,1
DA:301,1
DA:313,1
DA:315,2
DA:316,3
DA:319,1
DA:323,3
LF:151
LH:121
end_of_record
SF:lib/presentation/bloc/on_the_air/on_the_air_tv_state.dart
DA:4,2
DA:6,1
DA:7,1
DA:17,2
DA:19,1
DA:20,2
DA:26,2
DA:28,1
DA:29,2
LF:9
LH:9
end_of_record
SF:lib/presentation/bloc/on_the_air/on_the_air_tv_event.dart
DA:4,2
DA:6,0
DA:7,0
LF:3
LH:1
end_of_record
SF:lib/presentation/bloc/on_the_air/on_the_air_tv_bloc.dart
DA:12,3
DA:13,2
DA:14,2
DA:16,2
DA:18,1
DA:19,4
DA:20,3
LF:7
LH:7
end_of_record
SF:lib/presentation/pages/on_the_air_tv_series_page.dart
DA:8,1
DA:9,1
DA:13,1
DA:15,1
DA:16,1
DA:17,5
DA:20,1
DA:22,1
DA:23,1
DA:24,1
DA:25,1
DA:26,1
DA:27,0
DA:28,0
DA:30,1
DA:34,1
DA:36,1
DA:37,1
DA:38,1
DA:43,1
DA:44,1
DA:45,1
DA:46,3
DA:48,2
DA:50,1
DA:51,1
DA:53,2
DA:56,0
LF:28
LH:25
end_of_record
SF:lib/presentation/bloc/popular/popular_tv_bloc.dart
DA:12,1
DA:13,2
DA:14,1
DA:15,1
DA:16,2
DA:18,2
DA:20,1
DA:21,4
DA:22,3
LF:9
LH:9
end_of_record
SF:lib/presentation/bloc/popular/popular_tv_state.dart
DA:4,2
DA:6,1
DA:7,1
DA:17,2
DA:19,1
DA:20,2
DA:26,2
DA:28,1
DA:29,2
LF:9
LH:9
end_of_record
SF:lib/presentation/bloc/popular/popular_tv_event.dart
DA:4,2
DA:6,0
DA:7,0
LF:3
LH:1
end_of_record
SF:lib/presentation/pages/popular_tv_series_page.dart
DA:8,1
DA:9,1
DA:13,1
DA:15,1
DA:16,1
DA:17,5
DA:20,1
DA:22,1
DA:23,1
DA:24,1
DA:25,1
DA:26,1
DA:27,0
DA:28,0
DA:30,1
DA:34,1
DA:36,1
DA:37,1
DA:38,1
DA:43,1
DA:44,1
DA:45,1
DA:46,3
DA:48,2
DA:50,1
DA:51,1
DA:53,2
DA:56,0
LF:28
LH:25
end_of_record
